<?xml version="1.0" encoding="UTF-8"?>
<testsuite xmlns:xsi="http://www.w3.org/2001/XMLSchema-instance" xsi:noNamespaceSchemaLocation="https://maven.apache.org/surefire/maven-surefire-plugin/xsd/surefire-test-report-3.0.xsd" version="3.0" name="control.AuthManagerTest" time="0.021" tests="6" errors="0" skipped="0" failures="0">
  <properties>
[...]
</properties>
  <testcase name="A_01_02_nullOtp_throwsNullCredentialsException" classname="control.AuthManagerTest" time="0.009"/>
  <testcase name="A_01_04_invalidId_throwsStudentRecordNotFoundException" classname="control.AuthManagerTest" time="0.001"/>
  <testcase name="A_01_03_validCredentials_returnsTrue" classname="control.AuthManagerTest" time="0.0"/>
  <testcase name="A_01_06_accountLockedOnThirdFailedAttempt_throwsAccountLockedException" classname="control.AuthManagerTest" time="0.001"/>
  <testcase name="A_01_01_nullStudentId_throwsNullCredentialsException" classname="control.AuthManagerTest" time="0.0"/>
  <testcase name="A_01_05_invalidOtp_throwsAuthenticationFailedException" classname="control.AuthManagerTest" time="0.0"/>
</testsuite>